<?xml version="1.0" encoding="UTF-8"?>
<testsuite xmlns:xsi="http://www.w3.org/2001/XMLSchema-instance" xsi:noNamespaceSchemaLocation="https://maven.apache.org/surefire/maven-surefire-plugin/xsd/surefire-test-report.xsd" name="com.playtika.OhceTest" time="0.442" tests="3" errors="0" skipped="0" failures="0">
  <properties>
[...]
</properties>
  <testcase name="buenasTardes_givenName_returnBuenasTardesName" classname="com.playtika.OhceTest" time="0.434"/>
  <testcase name="buenasNoches_givenName_returnBuenasNochesName" classname="com.playtika.OhceTest" time="0"/>
  <testcase name="buenosDias_givenName_returnBuenosDiasName" classname="com.playtika.OhceTest" time="0.001"/>
</testsuite>